<?xml version="1.0" encoding="UTF-8"?>
<testng-results skipped="0" failed="1" ignored="0" total="2" passed="1">
  <reporter-output>
  </reporter-output>
  <suite name="Suite name : Smoke Test in Sahil classes" duration-ms="22242" started-at="2018-10-20T04:47:41Z" finished-at="2018-10-20T04:48:03Z">
    <groups>
    </groups>
    <test name="Test Name : My TestNG practices" duration-ms="22242" started-at="2018-10-20T04:47:41Z" finished-at="2018-10-20T04:48:03Z">
      <class name="com.test.Login">
        <test-method status="PASS" signature="initTestMethods()[pri:0, instance:com.test.Login@5891e32e]" name="initTestMethods" is-config="true" duration-ms="452" started-at="2018-10-20T04:47:41Z" finished-at="2018-10-20T04:47:41Z">
          <reporter-output>
          </reporter-output>
        </test-method> <!-- initTestMethods -->
        <test-method status="PASS" signature="launchBrowser(java.lang.String, java.lang.String, java.lang.reflect.Method)[pri:0, instance:com.test.Login@5891e32e]" name="launchBrowser" is-config="true" duration-ms="12674" started-at="2018-10-20T04:47:41Z" finished-at="2018-10-20T04:47:54Z">
          <params>
            <param index="0">
              <value>
                <![CDATA[chrome]]>
              </value>
            </param>
            <param index="1">
              <value>
                <![CDATA[QA]]>
              </value>
            </param>
            <param index="2">
              <value>
                <![CDATA[public void com.test.Login.testLogin()]]>
              </value>
            </param>
          </params>
          <reporter-output>
          </reporter-output>
        </test-method> <!-- launchBrowser -->
        <test-method status="PASS" signature="testLogin()[pri:0, instance:com.test.Login@5891e32e]" name="testLogin" duration-ms="410" started-at="2018-10-20T04:47:54Z" finished-at="2018-10-20T04:47:54Z">
          <reporter-output>
          </reporter-output>
        </test-method> <!-- testLogin -->
        <test-method status="PASS" signature="cleanUp()[pri:0, instance:com.test.Login@5891e32e]" name="cleanUp" is-config="true" duration-ms="1082" started-at="2018-10-20T04:47:54Z" finished-at="2018-10-20T04:47:55Z">
          <reporter-output>
          </reporter-output>
        </test-method> <!-- cleanUp -->
        <test-method status="PASS" signature="launchBrowser(java.lang.String, java.lang.String, java.lang.reflect.Method)[pri:0, instance:com.test.Login@5891e32e]" name="launchBrowser" is-config="true" duration-ms="6823" started-at="2018-10-20T04:47:55Z" finished-at="2018-10-20T04:48:02Z">
          <params>
            <param index="0">
              <value>
                <![CDATA[chrome]]>
              </value>
            </param>
            <param index="1">
              <value>
                <![CDATA[QA]]>
              </value>
            </param>
            <param index="2">
              <value>
                <![CDATA[public void com.test.Login.testLogin2()]]>
              </value>
            </param>
          </params>
          <reporter-output>
          </reporter-output>
        </test-method> <!-- launchBrowser -->
        <test-method status="FAIL" signature="testLogin2()[pri:0, instance:com.test.Login@5891e32e]" name="testLogin2" duration-ms="241" started-at="2018-10-20T04:48:02Z" finished-at="2018-10-20T04:48:02Z">
          <exception class="java.lang.AssertionError">
            <message>
              <![CDATA[Not Matched expected [true] but found [false]]]>
            </message>
            <full-stacktrace>
              <![CDATA[java.lang.AssertionError: Not Matched expected [true] but found [false]
at org.testng.Assert.fail(Assert.java:96)
at org.testng.Assert.failNotEquals(Assert.java:776)
at org.testng.Assert.assertTrue(Assert.java:44)
at com.test.BaseTemplate.verifyTest(BaseTemplate.java:93)
at com.test.Login.testLogin2(Login.java:26)
at sun.reflect.NativeMethodAccessorImpl.invoke0(Native Method)
at sun.reflect.NativeMethodAccessorImpl.invoke(NativeMethodAccessorImpl.java:62)
at sun.reflect.DelegatingMethodAccessorImpl.invoke(DelegatingMethodAccessorImpl.java:43)
at java.lang.reflect.Method.invoke(Method.java:498)
at org.testng.internal.MethodInvocationHelper.invokeMethod(MethodInvocationHelper.java:124)
at org.testng.internal.Invoker.invokeMethod(Invoker.java:583)
at org.testng.internal.Invoker.invokeTestMethod(Invoker.java:719)
at org.testng.internal.Invoker.invokeTestMethods(Invoker.java:989)
at org.testng.internal.TestMethodWorker.invokeTestMethods(TestMethodWorker.java:125)
at org.testng.internal.TestMethodWorker.run(TestMethodWorker.java:109)
at org.testng.TestRunner.privateRun(TestRunner.java:648)
at org.testng.TestRunner.run(TestRunner.java:505)
at org.testng.SuiteRunner.runTest(SuiteRunner.java:455)
at org.testng.SuiteRunner.runSequentially(SuiteRunner.java:450)
at org.testng.SuiteRunner.privateRun(SuiteRunner.java:415)
at org.testng.SuiteRunner.run(SuiteRunner.java:364)
at org.testng.SuiteRunnerWorker.runSuite(SuiteRunnerWorker.java:52)
at org.testng.SuiteRunnerWorker.run(SuiteRunnerWorker.java:84)
at org.testng.TestNG.runSuitesSequentially(TestNG.java:1208)
at org.testng.TestNG.runSuitesLocally(TestNG.java:1137)
at org.testng.TestNG.runSuites(TestNG.java:1049)
at org.testng.TestNG.run(TestNG.java:1017)
at org.testng.remote.AbstractRemoteTestNG.run(AbstractRemoteTestNG.java:114)
at org.testng.remote.RemoteTestNG.initAndRun(RemoteTestNG.java:251)
at org.testng.remote.RemoteTestNG.main(RemoteTestNG.java:77)
]]>
            </full-stacktrace>
          </exception> <!-- java.lang.AssertionError -->
          <reporter-output>
          </reporter-output>
        </test-method> <!-- testLogin2 -->
        <test-method status="PASS" signature="cleanUp()[pri:0, instance:com.test.Login@5891e32e]" name="cleanUp" is-config="true" duration-ms="968" started-at="2018-10-20T04:48:02Z" finished-at="2018-10-20T04:48:03Z">
          <reporter-output>
          </reporter-output>
        </test-method> <!-- cleanUp -->
        <test-method status="PASS" signature="cleanTestMethods()[pri:0, instance:com.test.Login@5891e32e]" name="cleanTestMethods" is-config="true" duration-ms="400" started-at="2018-10-20T04:48:03Z" finished-at="2018-10-20T04:48:04Z">
          <reporter-output>
          </reporter-output>
        </test-method> <!-- cleanTestMethods -->
      </class> <!-- com.test.Login -->
    </test> <!-- Test Name : My TestNG practices -->
  </suite> <!-- Suite name : Smoke Test in Sahil classes -->
</testng-results>
